android/app/build/intermediates/manifest_merge_blame_file/release/manifest-merger-blame-release-report.txt
1<?xml version="1.0" encoding="utf-8"?>
2<manifest xmlns:android="http://schemas.android.com/apk/res/android"
3    package="com.newsbitspanda"
4    android:versionCode="1"
5    android:versionName="1.0" >
6
7    <uses-sdk
8        android:minSdkVersion="21"
8-->src/main/AndroidManifest.xml
9        android:targetSdkVersion="29" />
9-->src/main/AndroidManifest.xml
10
11    <uses-permission android:name="android.permission.INTERNET" />
11-->src/main/AndroidManifest.xml:4:5-67
11-->src/main/AndroidManifest.xml:4:22-64
12
13    <application
13-->src/main/AndroidManifest.xml:6:5-34:19
14        android:name="com.newsbitspanda.MainApplication"
14-->src/main/AndroidManifest.xml:7:7-38
15        android:allowBackup="false"
15-->src/main/AndroidManifest.xml:11:7-34
16        android:appComponentFactory="androidx.core.app.CoreComponentFactory"
16-->[androidx.core:core:1.1.0] AndroidManifest.xml:24:18-86
17        android:icon="@mipmap/ic_launcher"
17-->src/main/AndroidManifest.xml:9:7-41
18        android:label="@string/app_name"
18-->src/main/AndroidManifest.xml:8:7-39
19        android:roundIcon="@mipmap/ic_launcher_round"
19-->src/main/AndroidManifest.xml:10:7-52
20        android:theme="@style/AppTheme" >
20-->src/main/AndroidManifest.xml:12:7-38
21        <activity
21-->src/main/AndroidManifest.xml:14:7-22:15
22            android:name="com.newsbitspanda.SplashActivity"
22-->src/main/AndroidManifest.xml:15:8-38
23            android:label="@string/app_name"
23-->src/main/AndroidManifest.xml:17:8-40
24            android:theme="@style/SplashTheme" >
24-->src/main/AndroidManifest.xml:16:9-43
25            <intent-filter>
25-->src/main/AndroidManifest.xml:18:8-21:22
26                <action android:name="android.intent.action.MAIN" />
26-->src/main/AndroidManifest.xml:19:8-60
26-->src/main/AndroidManifest.xml:19:16-57
27
28                <category android:name="android.intent.category.LAUNCHER" />
28-->src/main/AndroidManifest.xml:20:6-66
28-->src/main/AndroidManifest.xml:20:16-63
29            </intent-filter>
30        </activity>
31        <activity
31-->src/main/AndroidManifest.xml:24:7-33:18
32            android:name="com.newsbitspanda.MainActivity"
32-->src/main/AndroidManifest.xml:25:9-37
33            android:configChanges="keyboard|keyboardHidden|orientation|screenSize|uiMode"
33-->src/main/AndroidManifest.xml:27:9-86
34            android:exported="true"
34-->src/main/AndroidManifest.xml:31:9-32
35            android:label="@string/app_name"
35-->src/main/AndroidManifest.xml:26:9-41
36            android:launchMode="singleTask"
36-->src/main/AndroidManifest.xml:29:9-40
37            android:screenOrientation="portrait"
37-->src/main/AndroidManifest.xml:28:9-47
38            android:windowSoftInputMode="adjustResize" >
38-->src/main/AndroidManifest.xml:30:9-51
39        </activity>
40    </application>
41
42</manifest>